<?xml version="1.0" encoding="UTF-8"?>
<beans xmlns="http://www.springframework.org/schema/beans" 
  xmlns:xsi="http://www.w3.org/2001/XMLSchema-instance"
  xmlns:context="http://www.springframework.org/schema/context" 
  xsi:schemaLocation="
    http://www.springframework.org/schema/beans http://www.springframework.org/schema/beans/spring-beans.xsd
    http://www.springframework.org/schema/context http://www.springframework.org/schema/context/spring-context.xsd
  ">

  <context:component-scan base-package="code.ponfee.es" />

  <bean class="code.ponfee.commons.util.SpringContextHolder" />

  <bean name="esClient" class="code.ponfee.es.ElasticSearchClient">
    <constructor-arg index="0" value="es-cluster" />
    <constructor-arg index="1" value="10.202.4.93:9300" />
  </bean>

</beans>
